player initial finish
=> Restore ./models/logs_m_2/q_2/t_2/l_0/latency_Nones/model-48500.pth
Episode starts from:  48501
episode: 48600
=> Save ./models/logs_m_2/q_2/t_2/l_0/latency_Nones/model-48600.pth
episode: 48700
=> Save ./models/logs_m_2/q_2/t_2/l_0/latency_Nones/model-48700.pth
episode: 48800
=> Save ./models/logs_m_2/q_2/t_2/l_0/latency_Nones/model-48800.pth
episode: 48900
=> Save ./models/logs_m_2/q_2/t_2/l_0/latency_Nones/model-48900.pth
episode: 49000
=> Save ./models/logs_m_2/q_2/t_2/l_0/latency_Nones/model-49000.pth
Episode: 49000 Reward: -961.482 Loss: 175.028
episode: 49100
=> Save ./models/logs_m_2/q_2/t_2/l_0/latency_Nones/model-49100.pth
episode: 49200
=> Save ./models/logs_m_2/q_2/t_2/l_0/latency_Nones/model-49200.pth
episode: 49300
=> Save ./models/logs_m_2/q_2/t_2/l_0/latency_Nones/model-49300.pth
episode: 49400
=> Save ./models/logs_m_2/q_2/t_2/l_0/latency_Nones/model-49400.pth
episode: 49500
=> Save ./models/logs_m_2/q_2/t_2/l_0/latency_Nones/model-49500.pth
Episode: 49500 Reward: -60.613 Loss: 31.802
episode: 49600
=> Save ./models/logs_m_2/q_2/t_2/l_0/latency_Nones/model-49600.pth
episode: 49700
=> Save ./models/logs_m_2/q_2/t_2/l_0/latency_Nones/model-49700.pth
episode: 49800
=> Save ./models/logs_m_2/q_2/t_2/l_0/latency_Nones/model-49800.pth
episode: 49900
=> Save ./models/logs_m_2/q_2/t_2/l_0/latency_Nones/model-49900.pth
episode: 50000
=> Save ./models/logs_m_2/q_2/t_2/l_0/latency_Nones/model-50000.pth
Episode: 50000 Reward: 166.474 Loss: 30.900
